<?xml version="1.0" encoding="UTF-8"?>
<!-- Generated by org.testng.reporters.JUnitXMLReporter -->
<testsuite hostname="DESKTOP-P4M6BH4" ignored="0" name="Test" tests="4" failures="0" timestamp="2022-04-26T16:26:15 EDT" time="8.219" errors="0">
  <testcase name="@BeforeClass setup" time="5.747" classname="base.BaseClass">
    <failure type="org.openqa.selenium.WebDriverException" message="Cannot find firefox binary in PATH. Make sure firefox is installed. OS appears to be: WIN10
Build info: version: &amp;apos;4.1.2&amp;apos;, revision: &amp;apos;9a5a329c5a&amp;apos;
System info: host: &amp;apos;DESKTOP-P4M6BH4&amp;apos;, ip: &amp;apos;169.254.164.160&amp;apos;, os.name: &amp;apos;Windows 10&amp;apos;, os.arch: &amp;apos;amd64&amp;apos;, os.version: &amp;apos;10.0&amp;apos;, java.version: &amp;apos;1.8.0_331&amp;apos;
Driver info: driver.version: FirefoxDriver">
      <![CDATA[org.openqa.selenium.WebDriverException: Cannot find firefox binary in PATH. Make sure firefox is installed. OS appears to be: WIN10
Build info: version: '4.1.2', revision: '9a5a329c5a'
System info: host: 'DESKTOP-P4M6BH4', ip: '169.254.164.160', os.name: 'Windows 10', os.arch: 'amd64', os.version: '10.0', java.version: '1.8.0_331'
Driver info: driver.version: FirefoxDriver
at org.openqa.selenium.firefox.FirefoxBinary.<init>(FirefoxBinary.java:95)
at java.util.Optional.orElseGet(Optional.java:267)
at org.openqa.selenium.firefox.FirefoxOptions.getBinary(FirefoxOptions.java:189)
at org.openqa.selenium.firefox.GeckoDriverService$Builder.withOptions(GeckoDriverService.java:179)
at org.openqa.selenium.firefox.FirefoxDriver.toExecutor(FirefoxDriver.java:176)
at org.openqa.selenium.firefox.FirefoxDriver.<init>(FirefoxDriver.java:125)
at org.openqa.selenium.firefox.FirefoxDriver.<init>(FirefoxDriver.java:106)
at factory.BrowserFactory.startBrowser(BrowserFactory.java:29)
at base.BaseClass.setup(BaseClass.java:25)
at java.util.ArrayList.forEach(ArrayList.java:1259)
... Removed 29 stack frames]]>
    </failure>
  </testcase> <!-- @BeforeClass setup -->
  <testcase name="@BeforeMethod setupDriver" time="-1.651004774729E9" classname="testcases.LoginTest">
    <skipped/>
  </testcase> <!-- @BeforeMethod setupDriver -->
  <testcase name="@BeforeMethod setupDriver" time="-1.651004774912E9" classname="testcases.LoginTest">
    <skipped/>
  </testcase> <!-- @BeforeMethod setupDriver -->
  <testcase name="@BeforeMethod setupDriver" time="-1.651004774923E9" classname="testcases.LoginTest">
    <skipped/>
  </testcase> <!-- @BeforeMethod setupDriver -->
  <testcase name="@BeforeMethod setupDriver" time="-1.651004774939E9" classname="testcases.LoginTest">
    <skipped/>
  </testcase> <!-- @BeforeMethod setupDriver -->
  <testcase name="@AfterClass tearDown" time="-1.651004774955E9" classname="base.BaseClass">
    <skipped/>
  </testcase> <!-- @AfterClass tearDown -->
  <testcase name="loginTest" time="0.0" classname="testcases.LoginTest">
    <skipped/>
  </testcase> <!-- loginTest -->
  <testcase name="createAccount" time="0.0" classname="testcases.LoginTest">
    <skipped/>
  </testcase> <!-- createAccount -->
  <testcase name="createAccount" time="0.0" classname="testcases.LoginTest">
    <skipped/>
  </testcase> <!-- createAccount -->
  <testcase name="createAccount" time="0.0" classname="testcases.LoginTest">
    <skipped/>
  </testcase> <!-- createAccount -->
</testsuite> <!-- Test -->
